<?xml version="1.0" encoding="UTF-8"?>
<!-- Generated by org.testng.reporters.JUnitReportReporter -->
<testsuite hostname="DileepriyaPC" failures="0" tests="4" name="org.testng.PriorityTestNg" time="0.011" errors="0" timestamp="30 Mar 2023 11:29:09 GMT" skipped="0">
  <testcase classname="org.testng.PriorityTestNg" name="tc7" time="0.008"/>
  <testcase classname="org.testng.PriorityTestNg" name="tc5" time="0.001"/>
  <testcase classname="org.testng.PriorityTestNg" name="tc1" time="0.001"/>
  <testcase classname="org.testng.PriorityTestNg" name="tc2" time="0.001"/>
</testsuite> <!-- org.testng.PriorityTestNg -->
