<?xml version="1.0" encoding="UTF-8"?>
<!-- Generated by org.testng.reporters.JUnitReportReporter -->
<testsuite hostname="DileepriyaPC" failures="0" tests="3" name="org.ClassParallel.A" time="0.008" errors="0" timestamp="31 Mar 2023 04:58:38 GMT" skipped="0">
  <testcase classname="org.ClassParallel.A" name="tc22" time="0.002"/>
  <testcase classname="org.ClassParallel.A" name="tc11" time="0.002"/>
  <testcase classname="org.ClassParallel.A" name="tc33" time="0.004"/>
</testsuite> <!-- org.ClassParallel.A -->
