<?xml version="1.0" encoding="UTF-8"?>
<!-- Generated by org.testng.reporters.JUnitReportReporter -->
<testsuite hostname="DileepriyaPC" failures="0" tests="7" name="org.ClassParallel.ProjectTestNG" time="23.086" errors="0" timestamp="31 Mar 2023 04:58:38 GMT" skipped="1">
  <testcase classname="org.ClassParallel.ProjectTestNG" name="tc1" time="2.591"/>
  <testcase classname="org.ClassParallel.ProjectTestNG" name="tc3" time="5.869"/>
  <testcase classname="org.ClassParallel.ProjectTestNG" name="tc1" time="2.504"/>
  <testcase classname="org.ClassParallel.ProjectTestNG" name="tc5" time="5.094"/>
  <testcase classname="org.ClassParallel.ProjectTestNG" name="tc1" time="1.953"/>
  <testcase classname="org.ClassParallel.ProjectTestNG" name="tc1" time="5.075"/>
  <testcase classname="org.ClassParallel.ProjectTestNG" name="tc2">
    <skipped/>
  </testcase> <!-- tc2 -->
</testsuite> <!-- org.ClassParallel.ProjectTestNG -->
