<?xml version="1.0" encoding="UTF-8"?>
<!-- Generated by org.testng.reporters.JUnitReportReporter -->
<testsuite hostname="DileepriyaPC" failures="0" tests="7" name="org.testng.ProjectTestNG" time="14.750" errors="0" timestamp="30 Mar 2023 11:29:09 GMT" skipped="1">
  <testcase classname="org.testng.ProjectTestNG" name="tc3" time="3.895"/>
  <testcase classname="org.testng.ProjectTestNG" name="tc1" time="1.196"/>
  <testcase classname="org.testng.ProjectTestNG" name="tc1" time="2.864"/>
  <testcase classname="org.testng.ProjectTestNG" name="tc1" time="1.919"/>
  <testcase classname="org.testng.ProjectTestNG" name="tc5" time="2.937"/>
  <testcase classname="org.testng.ProjectTestNG" name="tc1" time="1.939"/>
  <testcase classname="org.testng.ProjectTestNG" name="tc2">
    <skipped/>
  </testcase> <!-- tc2 -->
</testsuite> <!-- org.testng.ProjectTestNG -->
