<?xml version="1.0" encoding="UTF-8"?>
<!-- Generated by org.testng.reporters.JUnitReportReporter -->
<testsuite hostname="DileepriyaPC" failures="0" tests="4" name="org.ClassParallel.PriorityTestNg" time="0.008" errors="0" timestamp="31 Mar 2023 04:58:38 GMT" skipped="0">
  <testcase classname="org.ClassParallel.PriorityTestNg" name="tc7" time="0.006"/>
  <testcase classname="org.ClassParallel.PriorityTestNg" name="tc5" time="0.001"/>
  <testcase classname="org.ClassParallel.PriorityTestNg" name="tc1" time="0.001"/>
  <testcase classname="org.ClassParallel.PriorityTestNg" name="tc2" time="0.000"/>
</testsuite> <!-- org.ClassParallel.PriorityTestNg -->
