<?xml version="1.0" encoding="UTF-8"?>
<!-- Generated by org.testng.reporters.JUnitReportReporter -->
<testsuite hostname="DileepriyaPC" failures="0" tests="6" name="org.appReport.calc" time="4.833" errors="0" timestamp="2023-03-07T12:58:32 IST" skipped="0">
  <testcase classname="org.appReport.calc" name="tc1" time="0.721"/>
  <system-out/>
  <testcase classname="org.appReport.calc" name="tc5" time="0.562"/>
  <system-out/>
  <testcase classname="org.appReport.calc" name="tc2" time="1.033"/>
  <system-out/>
  <testcase classname="org.appReport.calc" name="tc4" time="0.564"/>
  <system-out/>
  <testcase classname="org.appReport.calc" name="tc6" time="1.346"/>
  <system-out/>
  <testcase classname="org.appReport.calc" name="tc3" time="0.607"/>
  <system-out/>
</testsuite> <!-- org.appReport.calc -->
