<?xml version="1.0" encoding="UTF-8"?>
<!-- Generated by org.testng.reporters.JUnitReportReporter -->
<testsuite hostname="DileepriyaPC" failures="0" tests="6" name="org.appTestNG.Calculator" time="4.574" errors="0" timestamp="2023-04-04T22:53:43 IST" skipped="0">
  <testcase classname="org.appTestNG.Calculator" name="tc5" time="0.877"/>
  <system-out/>
  <testcase classname="org.appTestNG.Calculator" name="tc3" time="0.592"/>
  <system-out/>
  <testcase classname="org.appTestNG.Calculator" name="tc4" time="0.547"/>
  <system-out/>
  <testcase classname="org.appTestNG.Calculator" name="tc6" time="0.967"/>
  <system-out/>
  <testcase classname="org.appTestNG.Calculator" name="tc1" time="0.490"/>
  <system-out/>
  <testcase classname="org.appTestNG.Calculator" name="tc2" time="1.101"/>
  <system-out/>
</testsuite> <!-- org.appTestNG.Calculator -->
