<?xml version="1.0" encoding="UTF-8"?>
<!-- Generated by org.testng.reporters.JUnitReportReporter -->
<testsuite hostname="DileepriyaPC" failures="0" tests="6" name="org.appTestNG.calc" time="5.780" errors="0" timestamp="2023-03-07T12:12:42 IST" skipped="0">
  <testcase classname="org.appTestNG.calc" name="tc1" time="0.696"/>
  <system-out/>
  <testcase classname="org.appTestNG.calc" name="tc5" time="1.946"/>
  <system-out/>
  <testcase classname="org.appTestNG.calc" name="tc2" time="0.543"/>
  <system-out/>
  <testcase classname="org.appTestNG.calc" name="tc4" time="1.004"/>
  <system-out/>
  <testcase classname="org.appTestNG.calc" name="tc6" time="0.113"/>
  <system-out/>
  <testcase classname="org.appTestNG.calc" name="tc3" time="1.478"/>
  <system-out/>
</testsuite> <!-- org.appTestNG.calc -->
