<?xml version="1.0" encoding="UTF-8"?>
<!-- Generated by org.testng.reporters.JUnitReportReporter -->
<testsuite hostname="DileepriyaPC" failures="0" tests="2" name="org.appPropertiesFile.Contacts" time="0.004" errors="0" timestamp="2023-04-04T23:08:24 IST" skipped="0">
  <testcase classname="org.appPropertiesFile.Contacts" name="test1" time="0.003"/>
  <system-out/>
  <testcase classname="org.appPropertiesFile.Contacts" name="test2" time="0.001"/>
  <system-out/>
</testsuite> <!-- org.appPropertiesFile.Contacts -->
