<?xml version="1.0" encoding="UTF-8"?>
<!-- Generated by org.testng.reporters.JUnitReportReporter -->
<testsuite hostname="DileepriyaPC" failures="0" tests="1" name="org.testng.fbLginTestNG" time="3.255" errors="0" timestamp="30 Mar 2023 11:41:43 GMT" skipped="0">
  <testcase classname="org.testng.fbLginTestNG" name="tc1" time="3.255"/>
</testsuite> <!-- org.testng.fbLginTestNG -->
