<?xml version="1.0" encoding="UTF-8"?>
<!-- Generated by org.testng.reporters.JUnitReportReporter -->
<testsuite hostname="DileepriyaPC" failures="0" tests="1" name="org.testngHardAssert.fbLoginSoftAssert" time="2.882" errors="0" timestamp="30 Mar 2023 16:54:23 GMT" skipped="0">
  <testcase classname="org.testngHardAssert.fbLoginSoftAssert" name="tc1" time="2.882"/>
</testsuite> <!-- org.testngHardAssert.fbLoginSoftAssert -->
