<?xml version="1.0" encoding="UTF-8"?>
<!-- Generated by org.testng.reporters.JUnitReportReporter -->
<testsuite hostname="DileepriyaPC" failures="0" tests="3" name="org.testng.A" time="0.003" errors="0" timestamp="30 Mar 2023 11:29:09 GMT" skipped="0">
  <testcase classname="org.testng.A" name="tc11" time="0.001"/>
  <testcase classname="org.testng.A" name="tc33" time="0.001"/>
  <testcase classname="org.testng.A" name="tc22" time="0.001"/>
</testsuite> <!-- org.testng.A -->
