<?xml version="1.0" encoding="UTF-8"?>
<!-- Generated by org.testng.reporters.JUnitReportReporter -->
<testsuite hostname="DileepriyaPC" failures="0" tests="4" name="org.testng.AmazonDataProvider" time="67.775" errors="0" timestamp="30 Mar 2023 16:01:48 GMT" skipped="0">
  <testcase classname="org.testng.AmazonDataProvider" name="tc1" time="6.114"/>
  <testcase classname="org.testng.AmazonDataProvider" name="tc1" time="7.641"/>
  <testcase classname="org.testng.AmazonDataProvider" name="tc1" time="48.671"/>
  <testcase classname="org.testng.AmazonDataProvider" name="tc1" time="5.349"/>
</testsuite> <!-- org.testng.AmazonDataProvider -->
