<?xml version="1.0" encoding="UTF-8"?>
<!-- Generated by org.testng.reporters.JUnitReportReporter -->
<testsuite hostname="DileepriyaPC" failures="0" tests="4" name="org.testngAmazonData.A" time="0.008" errors="0" timestamp="30 Mar 2023 16:12:10 GMT" skipped="0">
  <testcase classname="org.testngAmazonData.A" name="tc33" time="0.002"/>
  <testcase classname="org.testngAmazonData.A" name="tc33" time="0.000"/>
  <testcase classname="org.testngAmazonData.A" name="tc33" time="0.005"/>
  <testcase classname="org.testngAmazonData.A" name="tc33" time="0.001"/>
</testsuite> <!-- org.testngAmazonData.A -->
