<?xml version="1.0" encoding="UTF-8"?>
<!-- Generated by org.testng.reporters.JUnitReportReporter -->
<testsuite hostname="DileepriyaPC" failures="0" tests="4" name="org.testng.fbLginTestNG" time="55.849" errors="0" timestamp="31 Mar 2023 07:59:00 GMT" skipped="0">
  <testcase classname="org.testng.fbLginTestNG" name="tc1" time="3.338"/>
  <testcase classname="org.testng.fbLginTestNG" name="tc1" time="2.474"/>
  <testcase classname="org.testng.fbLginTestNG" name="tc1" time="46.901"/>
  <testcase classname="org.testng.fbLginTestNG" name="tc1" time="3.136"/>
</testsuite> <!-- org.testng.fbLginTestNG -->
