<?xml version="1.0" encoding="UTF-8"?>
<!-- Generated by org.testng.reporters.JUnitReportReporter -->
<testsuite hostname="DileepriyaPC" failures="0" tests="1" name="org.apiRestAssured.TestngAPI" time="2.485" errors="0" timestamp="11 Mar 2023 16:37:35 GMT" skipped="0">
  <testcase classname="org.apiRestAssured.TestngAPI" name="getRequest" time="2.485"/>
</testsuite> <!-- org.apiRestAssured.TestngAPI -->
